{"A:\\VueProjects\\axioseg\\src\\App.vue": {"path":"A:\\VueProjects\\axioseg\\src\\App.vue","statementMap":{"0":{"start":{"line":8,"column":0},"end":{"line":8,"column":null}}},"fnMap":{},"branchMap":{},"s":{"0":1},"f":{},"b":{}}
,"A:\\VueProjects\\axioseg\\src\\DogApi.js": {"path":"A:\\VueProjects\\axioseg\\src\\DogApi.js","statementMap":{"0":{"start":{"line":4,"column":4},"end":{"line":4,"column":60}},"1":{"start":{"line":8,"column":4},"end":{"line":8,"column":77}},"2":{"start":{"line":12,"column":4},"end":{"line":12,"column":70}},"3":{"start":{"line":16,"column":4},"end":{"line":16,"column":68}}},"fnMap":{"0":{"name":"getAllDogNamesList","decl":{"start":{"line":3,"column":16},"end":{"line":3,"column":34}},"loc":{"start":{"line":3,"column":37},"end":{"line":5,"column":1}},"line":3},"1":{"name":"getDogRandomImage","decl":{"start":{"line":7,"column":16},"end":{"line":7,"column":33}},"loc":{"start":{"line":7,"column":45},"end":{"line":9,"column":1}},"line":7},"2":{"name":"getDogImageURLs","decl":{"start":{"line":11,"column":16},"end":{"line":11,"column":31}},"loc":{"start":{"line":11,"column":43},"end":{"line":13,"column":1}},"line":11},"3":{"name":"getSubBreedList","decl":{"start":{"line":15,"column":16},"end":{"line":15,"column":31}},"loc":{"start":{"line":15,"column":43},"end":{"line":17,"column":1}},"line":15}},"branchMap":{},"s":{"0":1,"1":1,"2":1,"3":1},"f":{"0":1,"1":1,"2":1,"3":1},"b":{},"_coverageSchema":"43e27e138ebf9cfc5966b082cf9a028302ed4184","hash":"5b464474588031f2d4908b7f8ae255d649775633"}
,"A:\\VueProjects\\axioseg\\src\\router.js": {"path":"A:\\VueProjects\\axioseg\\src\\router.js","statementMap":{"0":{"start":{"line":8,"column":0},"end":{"line":8,"column":16}}},"fnMap":{},"branchMap":{},"s":{"0":4},"f":{},"b":{},"_coverageSchema":"43e27e138ebf9cfc5966b082cf9a028302ed4184","hash":"07ee7a322e2f162bb15abeec5aaa87d1ca0a7769"}
,"A:\\VueProjects\\axioseg\\src\\store.js": {"path":"A:\\VueProjects\\axioseg\\src\\store.js","statementMap":{"0":{"start":{"line":6,"column":0},"end":{"line":6,"column":14}},"1":{"start":{"line":7,"column":21},"end":{"line":12,"column":2}},"2":{"start":{"line":13,"column":26},"end":{"line":24,"column":1}},"3":{"start":{"line":16,"column":8},"end":{"line":16,"column":30}},"4":{"start":{"line":19,"column":8},"end":{"line":19,"column":27}},"5":{"start":{"line":22,"column":8},"end":{"line":22,"column":36}},"6":{"start":{"line":25,"column":23},"end":{"line":84,"column":1}},"7":{"start":{"line":27,"column":23},"end":{"line":27,"column":43}},"8":{"start":{"line":29,"column":8},"end":{"line":51,"column":10}},"9":{"start":{"line":30,"column":12},"end":{"line":30,"column":42}},"10":{"start":{"line":31,"column":12},"end":{"line":50,"column":13}},"11":{"start":{"line":33,"column":16},"end":{"line":33,"column":36}},"12":{"start":{"line":36,"column":34},"end":{"line":36,"column":60}},"13":{"start":{"line":38,"column":16},"end":{"line":49,"column":18}},"14":{"start":{"line":39,"column":20},"end":{"line":39,"column":49}},"15":{"start":{"line":40,"column":20},"end":{"line":40,"column":46}},"16":{"start":{"line":41,"column":36},"end":{"line":44,"column":21}},"17":{"start":{"line":46,"column":20},"end":{"line":46,"column":40}},"18":{"start":{"line":47,"column":20},"end":{"line":47,"column":48}},"19":{"start":{"line":55,"column":23},"end":{"line":55,"column":49}},"20":{"start":{"line":56,"column":8},"end":{"line":65,"column":11}},"21":{"start":{"line":57,"column":10},"end":{"line":57,"column":51}},"22":{"start":{"line":59,"column":12},"end":{"line":64,"column":15}},"23":{"start":{"line":69,"column":23},"end":{"line":69,"column":49}},"24":{"start":{"line":71,"column":8},"end":{"line":81,"column":11}},"25":{"start":{"line":72,"column":11},"end":{"line":72,"column":55}},"26":{"start":{"line":74,"column":31},"end":{"line":74,"column":67}},"27":{"start":{"line":75,"column":16},"end":{"line":80,"column":19}}},"fnMap":{"0":{"name":"(anonymous_0)","decl":{"start":{"line":15,"column":4},"end":{"line":15,"column":5}},"loc":{"start":{"line":15,"column":28},"end":{"line":17,"column":5}},"line":15},"1":{"name":"(anonymous_1)","decl":{"start":{"line":18,"column":4},"end":{"line":18,"column":5}},"loc":{"start":{"line":18,"column":29},"end":{"line":20,"column":5}},"line":18},"2":{"name":"(anonymous_2)","decl":{"start":{"line":21,"column":4},"end":{"line":21,"column":5}},"loc":{"start":{"line":21,"column":38},"end":{"line":23,"column":5}},"line":21},"3":{"name":"(anonymous_3)","decl":{"start":{"line":26,"column":4},"end":{"line":26,"column":5}},"loc":{"start":{"line":26,"column":29},"end":{"line":52,"column":5}},"line":26},"4":{"name":"(anonymous_4)","decl":{"start":{"line":29,"column":20},"end":{"line":29,"column":21}},"loc":{"start":{"line":29,"column":30},"end":{"line":51,"column":9}},"line":29},"5":{"name":"(anonymous_5)","decl":{"start":{"line":38,"column":31},"end":{"line":38,"column":32}},"loc":{"start":{"line":38,"column":40},"end":{"line":49,"column":17}},"line":38},"6":{"name":"(anonymous_6)","decl":{"start":{"line":53,"column":4},"end":{"line":53,"column":5}},"loc":{"start":{"line":53,"column":41},"end":{"line":66,"column":5}},"line":53},"7":{"name":"(anonymous_7)","decl":{"start":{"line":56,"column":20},"end":{"line":56,"column":21}},"loc":{"start":{"line":56,"column":30},"end":{"line":58,"column":9}},"line":56},"8":{"name":"(anonymous_8)","decl":{"start":{"line":58,"column":17},"end":{"line":58,"column":18}},"loc":{"start":{"line":58,"column":23},"end":{"line":65,"column":9}},"line":58},"9":{"name":"(anonymous_9)","decl":{"start":{"line":67,"column":4},"end":{"line":67,"column":5}},"loc":{"start":{"line":67,"column":40},"end":{"line":83,"column":5}},"line":67},"10":{"name":"(anonymous_10)","decl":{"start":{"line":71,"column":20},"end":{"line":71,"column":21}},"loc":{"start":{"line":71,"column":30},"end":{"line":73,"column":9}},"line":71},"11":{"name":"(anonymous_11)","decl":{"start":{"line":73,"column":17},"end":{"line":73,"column":18}},"loc":{"start":{"line":73,"column":23},"end":{"line":81,"column":9}},"line":73}},"branchMap":{},"s":{"0":1,"1":1,"2":1,"3":1,"4":1,"5":1,"6":1,"7":0,"8":0,"9":0,"10":0,"11":0,"12":0,"13":0,"14":0,"15":0,"16":0,"17":0,"18":0,"19":1,"20":1,"21":1,"22":0,"23":1,"24":1,"25":1,"26":0,"27":0},"f":{"0":1,"1":1,"2":1,"3":0,"4":0,"5":0,"6":1,"7":1,"8":0,"9":1,"10":1,"11":0},"b":{},"_coverageSchema":"43e27e138ebf9cfc5966b082cf9a028302ed4184","hash":"8dba3fc32f7bb566c821b74449ad30fd730f3af8"}
,"A:\\VueProjects\\axioseg\\src\\components\\SubBreed.vue": {"path":"A:\\VueProjects\\axioseg\\src\\components\\SubBreed.vue","statementMap":{"0":{"start":{"line":26,"column":0},"end":{"line":26,"column":null}},"1":{"start":{"line":36,"column":0},"end":{"line":36,"column":null}},"2":{"start":{"line":37,"column":0},"end":{"line":37,"column":null}},"3":{"start":{"line":46,"column":0},"end":{"line":46,"column":null}},"4":{"start":{"line":47,"column":0},"end":{"line":47,"column":null}},"5":{"start":{"line":48,"column":0},"end":{"line":53,"column":null}},"6":{"start":{"line":49,"column":0},"end":{"line":49,"column":null}},"7":{"start":{"line":52,"column":0},"end":{"line":52,"column":null}}},"fnMap":{"0":{"name":"(anonymous_1)","decl":{"start":{"line":25,"column":0},"end":{"line":25,"column":null}},"loc":{"start":{"line":25,"column":0},"end":{"line":31,"column":null}}},"1":{"name":"(anonymous_2)","decl":{"start":{"line":34,"column":0},"end":{"line":34,"column":null}},"loc":{"start":{"line":34,"column":0},"end":{"line":43,"column":null}}},"2":{"name":"(anonymous_3)","decl":{"start":{"line":45,"column":0},"end":{"line":45,"column":null}},"loc":{"start":{"line":45,"column":0},"end":{"line":54,"column":null}}}},"branchMap":{"0":{"loc":{"start":{"line":48,"column":0},"end":{"line":53,"column":null}},"type":"if","locations":[{"start":{"line":48,"column":0},"end":{"line":53,"column":null}},{"start":{"line":48,"column":0},"end":{"line":53,"column":null}}]}},"s":{"0":5,"1":4,"2":4,"3":5,"4":5,"5":5,"6":3,"7":2},"f":{"0":5,"1":4,"2":5},"b":{"0":[3,2]}}
,"A:\\VueProjects\\axioseg\\src\\views\\BreedImages.vue": {"path":"A:\\VueProjects\\axioseg\\src\\views\\BreedImages.vue","statementMap":{"0":{"start":{"line":23,"column":0},"end":{"line":23,"column":null}},"1":{"start":{"line":32,"column":0},"end":{"line":32,"column":null}},"2":{"start":{"line":37,"column":0},"end":{"line":37,"column":null}},"3":{"start":{"line":38,"column":0},"end":{"line":38,"column":null}}},"fnMap":{"0":{"name":"(anonymous_1)","decl":{"start":{"line":22,"column":0},"end":{"line":22,"column":null}},"loc":{"start":{"line":22,"column":0},"end":{"line":28,"column":null}}},"1":{"name":"(anonymous_2)","decl":{"start":{"line":30,"column":0},"end":{"line":30,"column":null}},"loc":{"start":{"line":30,"column":0},"end":{"line":33,"column":null}}},"2":{"name":"(anonymous_3)","decl":{"start":{"line":36,"column":0},"end":{"line":36,"column":null}},"loc":{"start":{"line":36,"column":0},"end":{"line":39,"column":null}}}},"branchMap":{},"s":{"0":2,"1":1,"2":2,"3":2},"f":{"0":2,"1":1,"2":2},"b":{}}
,"A:\\VueProjects\\axioseg\\src\\views\\Home.vue": {"path":"A:\\VueProjects\\axioseg\\src\\views\\Home.vue","statementMap":{"0":{"start":{"line":37,"column":0},"end":{"line":37,"column":null}},"1":{"start":{"line":47,"column":0},"end":{"line":47,"column":null}},"2":{"start":{"line":50,"column":0},"end":{"line":50,"column":null}},"3":{"start":{"line":59,"column":0},"end":{"line":59,"column":null}},"4":{"start":{"line":60,"column":0},"end":{"line":60,"column":null}}},"fnMap":{"0":{"name":"(anonymous_1)","decl":{"start":{"line":36,"column":0},"end":{"line":36,"column":null}},"loc":{"start":{"line":36,"column":0},"end":{"line":43,"column":null}}},"1":{"name":"(anonymous_2)","decl":{"start":{"line":45,"column":0},"end":{"line":45,"column":null}},"loc":{"start":{"line":45,"column":0},"end":{"line":48,"column":null}}},"2":{"name":"(anonymous_3)","decl":{"start":{"line":49,"column":0},"end":{"line":49,"column":null}},"loc":{"start":{"line":49,"column":0},"end":{"line":56,"column":null}}},"3":{"name":"(anonymous_4)","decl":{"start":{"line":58,"column":0},"end":{"line":58,"column":null}},"loc":{"start":{"line":58,"column":0},"end":{"line":61,"column":null}}}},"branchMap":{},"s":{"0":6,"1":1,"2":1,"3":6,"4":6},"f":{"0":6,"1":1,"2":1,"3":6},"b":{}}
}
