TN:
SF:A:\VueProjects\axioseg\src\App.vue
FNF:0
FNH:0
DA:8,1
LF:1
LH:1
BRF:0
BRH:0
end_of_record
TN:
SF:A:\VueProjects\axioseg\src\DogApi.js
FN:3,getAllDogNamesList
FN:7,getDogRandomImage
FN:11,getDogImageURLs
FN:15,getSubBreedList
FNF:4
FNH:4
FNDA:1,getAllDogNamesList
FNDA:1,getDogRandomImage
FNDA:1,getDogImageURLs
FNDA:1,getSubBreedList
DA:4,1
DA:8,1
DA:12,1
DA:16,1
LF:4
LH:4
BRF:0
BRH:0
end_of_record
TN:
SF:A:\VueProjects\axioseg\src\router.js
FNF:0
FNH:0
DA:8,4
LF:1
LH:1
BRF:0
BRH:0
end_of_record
TN:
SF:A:\VueProjects\axioseg\src\store.js
FN:15,(anonymous_0)
FN:18,(anonymous_1)
FN:21,(anonymous_2)
FN:26,(anonymous_3)
FN:29,(anonymous_4)
FN:38,(anonymous_5)
FN:53,(anonymous_6)
FN:56,(anonymous_7)
FN:58,(anonymous_8)
FN:67,(anonymous_9)
FN:71,(anonymous_10)
FN:73,(anonymous_11)
FNF:12
FNH:7
FNDA:1,(anonymous_0)
FNDA:1,(anonymous_1)
FNDA:1,(anonymous_2)
FNDA:0,(anonymous_3)
FNDA:0,(anonymous_4)
FNDA:0,(anonymous_5)
FNDA:1,(anonymous_6)
FNDA:1,(anonymous_7)
FNDA:0,(anonymous_8)
FNDA:1,(anonymous_9)
FNDA:1,(anonymous_10)
FNDA:0,(anonymous_11)
DA:6,1
DA:7,1
DA:13,1
DA:16,1
DA:19,1
DA:22,1
DA:25,1
DA:27,0
DA:29,0
DA:30,0
DA:31,0
DA:33,0
DA:36,0
DA:38,0
DA:39,0
DA:40,0
DA:41,0
DA:46,0
DA:47,0
DA:55,1
DA:56,1
DA:57,1
DA:59,0
DA:69,1
DA:71,1
DA:72,1
DA:74,0
DA:75,0
LF:28
LH:13
BRF:0
BRH:0
end_of_record
TN:
SF:A:\VueProjects\axioseg\src\components\SubBreed.vue
FN:25,(anonymous_1)
FN:34,(anonymous_2)
FN:45,(anonymous_3)
FNF:3
FNH:3
FNDA:5,(anonymous_1)
FNDA:4,(anonymous_2)
FNDA:5,(anonymous_3)
DA:26,5
DA:36,4
DA:37,4
DA:46,5
DA:47,5
DA:48,5
DA:49,3
DA:52,2
LF:8
LH:8
BRDA:48,0,0,3
BRDA:48,0,1,2
BRF:2
BRH:2
end_of_record
TN:
SF:A:\VueProjects\axioseg\src\views\BreedImages.vue
FN:22,(anonymous_1)
FN:30,(anonymous_2)
FN:36,(anonymous_3)
FNF:3
FNH:3
FNDA:2,(anonymous_1)
FNDA:1,(anonymous_2)
FNDA:2,(anonymous_3)
DA:23,2
DA:32,1
DA:37,2
DA:38,2
LF:4
LH:4
BRF:0
BRH:0
end_of_record
TN:
SF:A:\VueProjects\axioseg\src\views\Home.vue
FN:36,(anonymous_1)
FN:45,(anonymous_2)
FN:49,(anonymous_3)
FN:58,(anonymous_4)
FNF:4
FNH:4
FNDA:6,(anonymous_1)
FNDA:1,(anonymous_2)
FNDA:1,(anonymous_3)
FNDA:6,(anonymous_4)
DA:37,6
DA:47,1
DA:50,1
DA:59,6
DA:60,6
LF:5
LH:5
BRF:0
BRH:0
end_of_record
